\BOOKMARK [1][-]{section.1}{\376\377\004\022\004\041\004\042\004\043\004\037}{}% 1
\BOOKMARK [2][-]{subsection.1.1}{\376\377\004\020\004\072\004\102\004\103\004\060\004\073\004\114\004\075\004\126\004\101\004\102\004\114\000\040\004\102\004\065\004\074\004\070}{section.1}% 2
\BOOKMARK [2][-]{subsection.1.2}{\376\377\004\034\004\065\004\102\004\060\000\040\004\102\004\060\000\040\004\067\004\060\004\062\004\064\004\060\004\075\004\075\004\117\000\040\004\072\004\103\004\100\004\101\004\076\004\062\004\076\004\127\000\040\004\100\004\076\004\061\004\076\004\102\004\070}{section.1}% 3
\BOOKMARK [2][-]{subsection.1.3}{\376\377\004\036\004\061\000'\004\124\004\072\004\102\000\040\004\102\004\060\000\040\004\077\004\100\004\065\004\064\004\074\004\065\004\102\000\040\004\064\004\076\004\101\004\073\004\126\004\064\004\066\004\065\004\075\004\075\004\117}{section.1}% 4
\BOOKMARK [1][-]{section.2}{\376\377\004\020\004\035\004\020\004\033\004\006\004\027\000\040\004\037\004\040\004\025\004\024\004\034\004\025\004\042\004\035\004\036\004\007\000\040\004\036\004\021\004\033\004\020\004\041\004\042\004\006}{}% 5
\BOOKMARK [2][-]{subsection.2.1}{\376\377\004\036\004\077\004\070\004\101\000\040\004\077\004\100\004\065\004\064\004\074\004\065\004\102\004\075\004\076\004\127\000\040\004\076\004\061\004\073\004\060\004\101\004\102\004\126}{section.2}% 6
\BOOKMARK [2][-]{subsection.2.2}{\376\377\004\036\004\101\004\075\004\076\004\062\004\075\004\126\000\040\004\101\004\103\004\102\004\075\004\076\004\101\004\102\004\126\000\040\004\077\004\100\004\065\004\064\004\074\004\065\004\102\004\075\004\076\004\127\000\040\004\076\004\061\004\073\004\060\004\101\004\102\004\126}{section.2}% 7
\BOOKMARK [2][-]{subsection.2.3}{\376\377\004\044\004\103\004\075\004\072\004\106\004\126\004\076\004\075\004\060\004\073\004\114\004\075\004\126\000\040\004\062\004\070\004\074\004\076\004\063\004\070\000\040\004\064\004\076\000\040\004\101\004\070\004\101\004\102\004\065\004\074\004\070}{section.2}% 8
\BOOKMARK [1][-]{section.3}{\376\377\004\037\004\040\004\036\004\025\004\032\004\042\004\043\004\022\004\020\004\035\004\035\004\057\000\040\004\006\004\035\004\044\004\036\004\040\004\034\004\020\004\046\004\006\004\031\004\035\004\036\004\007\000\040\004\041\004\030\004\041\004\042\004\025\004\034\004\030}{}% 9
\BOOKMARK [2][-]{subsection.3.1}{\376\377\004\024\004\126\004\060\004\063\004\100\004\060\004\074\004\060\000\040\004\077\004\100\004\065\004\106\004\065\004\064\004\065\004\075\004\102\004\126\004\062}{section.3}% 10
\BOOKMARK [2][-]{subsection.3.2}{\376\377\004\024\004\126\004\060\004\063\004\100\004\060\004\074\004\060\000\040\004\072\004\073\004\060\004\101\004\126\004\062}{section.3}% 11
\BOOKMARK [2][-]{subsection.3.3}{\376\377\004\034\004\076\004\064\004\065\004\073\004\114\000\040\004\061\004\060\004\067\004\070\000\040\004\064\004\060\004\075\004\070\004\105}{section.3}% 12
\BOOKMARK [3][-]{subsubsection.3.3.1}{\376\377\004\036\004\077\004\070\004\101\000\040\004\102\004\060\004\061\004\073\004\070\004\106\004\114\000\040\004\061\004\060\004\067\004\070\000\040\004\064\004\060\004\075\004\070\004\105}{subsection.3.3}% 13
\BOOKMARK [2][-]{subsection.3.4}{\376\377\004\024\004\126\004\060\004\063\004\100\004\060\004\074\004\060\000\040\004\064\004\126\004\117\004\073\004\114\004\075\004\076\004\101\004\102\004\126}{section.3}% 14
\BOOKMARK [2][-]{subsection.3.5}{\376\377\004\020\004\100\004\105\004\126\004\102\004\065\004\072\004\102\004\103\004\100\004\060\000\040\004\101\004\070\004\101\004\102\004\065\004\074\004\070}{section.3}% 15
\BOOKMARK [3][-]{subsubsection.3.5.1}{\376\377\004\024\004\126\004\060\004\063\004\100\004\060\004\074\004\060\000\040\004\072\004\076\004\074\004\077\004\076\004\075\004\065\004\075\004\102\004\126\004\062}{subsection.3.5}% 16
\BOOKMARK [2][-]{subsection.3.6}{\376\377\004\024\004\126\004\060\004\063\004\100\004\060\004\074\004\060\000\040\004\077\004\076\004\101\004\073\004\126\004\064\004\076\004\062\004\075\004\076\004\101\004\102\004\126}{section.3}% 17
\BOOKMARK [2][-]{subsection.3.7}{\376\377\004\024\004\126\004\060\004\063\004\100\004\060\004\074\004\060\000\040\004\101\004\102\004\060\004\075\004\126\004\062}{section.3}% 18
\BOOKMARK [1][-]{section.4}{\376\377\004\040\004\025\004\020\004\033\004\006\004\027\004\020\004\046\004\006\004\057\000\040\004\041\004\030\004\041\004\042\004\025\004\034\004\030}{}% 19
\BOOKMARK [2][-]{subsection.4.1}{\376\377\004\042\004\065\004\105\004\075\004\076\004\073\004\076\004\063\004\126\004\127\000\040\004\102\004\060\000\040\004\126\004\075\004\101\004\102\004\100\004\103\004\074\004\065\004\075\004\102\004\070}{section.4}% 20
\BOOKMARK [2][-]{subsection.4.2}{\376\377\004\041\004\102\004\100\004\103\004\072\004\102\004\103\004\100\004\060\000\040\004\077\004\100\004\076\004\065\004\072\004\102\004\103}{section.4}% 21
\BOOKMARK [2][-]{subsection.4.3}{\376\377\000S\000Q\000L\000-\004\101\004\072\004\100\004\070\004\077\004\102\004\070\000\040\004\101\004\102\004\062\004\076\004\100\004\065\004\075\004\075\004\117\000\040\004\102\004\060\004\061\004\073\004\070\004\106\004\114}{section.4}% 22
\BOOKMARK [2][-]{subsection.4.4}{\376\377\004\037\004\100\004\070\004\072\004\073\004\060\004\064\004\070\000\040\004\072\004\076\004\064\004\103}{section.4}% 23
\BOOKMARK [2][-]{subsection.4.5}{\376\377\004\040\004\065\004\060\004\073\004\126\004\067\004\060\004\106\004\126\004\117\000\040\004\100\004\065\004\077\004\076\004\067\004\070\004\102\004\076\004\100\004\126\004\127\004\062\000\040\004\075\004\060\000\040\000C\000\043}{section.4}% 24
\BOOKMARK [2][-]{subsection.4.6}{\376\377\004\032\004\076\004\075\004\104\004\126\004\063\004\103\004\100\004\060\004\106\004\126\004\117\000\040\000E\000n\000t\000i\000t\000y\000\040\000F\000r\000a\000m\000e\000w\000o\000r\000k\000\040\000C\000o\000r\000e}{section.4}% 25
\BOOKMARK [2][-]{subsection.4.7}{\376\377\000A\000P\000I\000\040\004\072\004\076\004\075\004\102\004\100\004\076\004\073\004\065\004\100\004\070\000\040\004\075\004\060\000\040\000A\000S\000P\000.\000N\000E\000T\000\040\000C\000o\000r\000e}{section.4}% 26
\BOOKMARK [2][-]{subsection.4.8}{\376\377\004\024\004\076\004\064\004\060\004\102\004\072\004\076\004\062\004\126\000\040\004\064\004\126\004\060\004\063\004\100\004\060\004\074\004\070\000\040\004\101\004\070\004\101\004\102\004\065\004\074\004\070}{section.4}% 27
\BOOKMARK [1][-]{section.5}{\376\377\000S\000Q\000L\000\040\004\027\004\020\004\037\004\030\004\042\004\030\000\040\004\042\004\020\000\040\004\041\004\025\004\040\004\022\004\006\004\041\004\035\004\020\000\040\004\033\004\036\004\023\004\006\004\032\004\020}{}% 28
\BOOKMARK [2][-]{subsection.5.1}{\376\377\000S\000Q\000L\000\040\004\067\004\060\004\077\004\070\004\102\004\070\000\040\004\064\004\073\004\117\000\040\004\100\004\076\004\061\004\076\004\102\004\070\000\040\004\067\000\040\004\061\004\060\004\067\004\076\004\116\000\040\004\064\004\060\004\075\004\070\004\105}{section.5}% 29
\BOOKMARK [2][-]{subsection.5.2}{\376\377\004\041\004\065\004\100\004\062\004\126\004\101\004\075\004\070\004\071\000\040\004\110\004\060\004\100\000\040\004\075\004\060\000\040\000C\000\043}{section.5}% 30
\BOOKMARK [1][-]{section.6}{\376\377\004\042\004\025\004\041\004\042\004\043\004\022\004\020\004\035\004\035\004\057\000\040\004\042\004\020\000\040\004\022\004\037\004\040\004\036\004\022\004\020\004\024\004\026\004\025\004\035\004\035\004\057}{}% 31
\BOOKMARK [2][-]{subsection.6.1}{\376\377\000P\000l\000a\000n\000\040\004\102\004\065\004\101\004\102\004\103\004\062\004\060\004\075\004\075\004\117}{section.6}% 32
\BOOKMARK [2][-]{subsection.6.2}{\376\377\004\037\004\100\004\070\004\072\004\073\004\060\004\064\004\070\000\040\004\102\004\065\004\101\004\102\004\076\004\062\004\070\004\105\000\040\004\101\004\106\004\065\004\075\004\060\004\100\004\126\004\127\004\062}{section.6}% 33
\BOOKMARK [2][-]{subsection.6.3}{\376\377\004\034\004\076\004\064\004\103\004\073\004\114\004\075\004\065\000\040\004\102\004\065\004\101\004\102\004\103\004\062\004\060\004\075\004\075\004\117\000\040\004\075\004\060\000\040\000C\000\043}{section.6}% 34
\BOOKMARK [2][-]{subsection.6.4}{\376\377\004\006\004\075\004\102\004\065\004\063\004\100\004\060\004\106\004\126\004\071\004\075\004\065\000\040\004\102\004\065\004\101\004\102\004\103\004\062\004\060\004\075\004\075\004\117}{section.6}% 35
\BOOKMARK [2][-]{subsection.6.5}{\376\377\004\032\004\076\004\075\004\104\004\126\004\063\004\103\004\100\004\060\004\106\004\126\004\117\000\040\004\102\004\060\000\040\000D\000e\000p\000e\000n\000d\000e\000n\000c\000y\000\040\000I\000n\000j\000e\000c\000t\000i\000o\000n}{section.6}% 36
\BOOKMARK [2][-]{subsection.6.6}{\376\377\004\032\004\076\004\075\004\104\004\126\004\063\004\103\004\100\004\060\004\106\004\126\004\117\000\040\004\077\004\126\004\064\004\072\004\073\004\116\004\107\004\065\004\075\004\075\004\117\000\040\004\064\004\076\000\040\004\061\004\060\004\067\004\070\000\040\004\064\004\060\004\075\004\070\004\105}{section.6}% 37
\BOOKMARK [2][-]{subsection.6.7}{\376\377\004\034\004\126\004\063\004\100\004\060\004\106\004\126\004\127\000\040\004\061\004\060\004\067\004\070\000\040\004\064\004\060\004\075\004\070\004\105}{section.6}% 38
\BOOKMARK [2][-]{subsection.6.8}{\376\377\004\021\004\065\004\067\004\077\004\065\004\072\004\060\000\040\004\102\004\060\000\040\004\060\004\062\004\102\004\065\004\075\004\102\004\070\004\104\004\126\004\072\004\060\004\106\004\126\004\117}{section.6}% 39
\BOOKMARK [2][-]{subsection.6.9}{\376\377\004\022\004\077\004\100\004\076\004\062\004\060\004\064\004\066\004\065\004\075\004\075\004\117\000\040\004\101\004\070\004\101\004\102\004\065\004\074\004\070}{section.6}% 40
\BOOKMARK [1][-]{section.7}{\376\377\004\027\004\022\004\006\004\042\004\035\004\006\004\041\004\042\004\054\000\040\004\042\004\020\000\040\004\034\004\036\004\035\004\006\004\042\004\036\004\040\004\030\004\035\004\023}{}% 41
\BOOKMARK [2][-]{subsection.7.1}{\376\377\004\041\004\070\004\101\004\102\004\065\004\074\004\060\000\040\004\067\004\062\004\126\004\102\004\126\004\062}{section.7}% 42
\BOOKMARK [2][-]{subsection.7.2}{\376\377\004\033\004\076\004\063\004\103\004\062\004\060\004\075\004\075\004\117\000\040\004\102\004\060\000\040\004\074\004\076\004\075\004\126\004\102\004\076\004\100\004\070\004\075\004\063}{section.7}% 43
\BOOKMARK [2][-]{subsection.7.3}{\376\377\004\036\004\061\004\100\004\076\004\061\004\072\004\060\000\040\004\077\004\076\004\074\004\070\004\073\004\076\004\072}{section.7}% 44
\BOOKMARK [2][-]{subsection.7.4}{\376\377\004\032\004\065\004\110\004\103\004\062\004\060\004\075\004\075\004\117\000\040\004\064\004\060\004\075\004\070\004\105}{section.7}% 45
\BOOKMARK [1][-]{section.8}{\376\377\004\022\004\030\004\041\004\035\004\036\004\022\004\032\004\030}{}% 46
\BOOKMARK [1][-]{section.9}{\376\377\004\041\004\037\004\030\004\041\004\036\004\032\000\040\004\022\004\030\004\032\004\036\004\040\004\030\004\041\004\042\004\020\004\035\004\030\004\045\000\040\004\024\004\026\004\025\004\040\004\025\004\033}{}% 47
\BOOKMARK [1][-]{appendix.Alph1}{\376\377\004\024\004\036\004\024\004\020\004\042\004\036\004\032\000\040\004\020\000.\000\040\004\024\004\126\004\060\004\063\004\100\004\060\004\074\004\060\000\040\004\100\004\076\004\067\004\063\004\076\004\100\004\102\004\060\004\075\004\075\004\117}{}% 48
\BOOKMARK [1][-]{appendix.Alph2}{\376\377\004\024\004\036\004\024\004\020\004\042\004\036\004\032\000\040\004\021\000.\000\040\004\041\004\073\004\076\004\062\004\075\004\070\004\072\000\040\004\102\004\065\004\100\004\074\004\126\004\075\004\126\004\062}{}% 49
