\BOOKMARK [1][-]{section*.1}{\376\377\004\037\004\065\004\100\004\065\004\073\004\126\004\072\000\040\004\103\004\074\004\076\004\062\004\075\004\070\004\105\000\040\004\077\004\076\004\067\004\075\004\060\004\107\004\065\004\075\004\114\000,\000\040\004\101\004\072\004\076\004\100\004\076\004\107\004\065\004\075\004\114}{}% 1
\BOOKMARK [1][-]{section.1}{\376\377\004\022\004\101\004\102\004\103\004\077}{}% 2
\BOOKMARK [1][-]{section.2}{\376\377\004\020\004\075\004\060\004\073\004\126\004\067\000\040\004\077\004\100\004\065\004\064\004\074\004\065\004\102\004\075\004\076\004\127\000\040\004\076\004\061\004\073\004\060\004\101\004\102\004\126\000\040\004\102\004\060\000\040\004\062\004\070\004\074\004\076\004\063}{}% 3
\BOOKMARK [2][-]{subsection.2.1}{\376\377\004\036\004\077\004\070\004\101\000\040\004\077\004\100\004\065\004\064\004\074\004\065\004\102\004\075\004\076\004\127\000\040\004\076\004\061\004\073\004\060\004\101\004\102\004\126}{section.2}% 4
\BOOKMARK [2][-]{subsection.2.2}{\376\377\004\027\004\060\004\106\004\126\004\072\004\060\004\062\004\073\004\065\004\075\004\126\000\040\004\101\004\102\004\076\004\100\004\076\004\075\004\070}{section.2}% 5
\BOOKMARK [2][-]{subsection.2.3}{\376\377\004\044\004\103\004\075\004\072\004\106\004\126\004\076\004\075\004\060\004\073\004\114\004\075\004\126\000\040\004\062\004\070\004\074\004\076\004\063\004\070}{section.2}% 6
\BOOKMARK [2][-]{subsection.2.4}{\376\377\004\035\004\065\004\104\004\103\004\075\004\072\004\106\004\126\004\076\004\075\004\060\004\073\004\114\004\075\004\126\000\040\004\062\004\070\004\074\004\076\004\063\004\070}{section.2}% 7
\BOOKMARK [1][-]{section.3}{\376\377\004\037\004\100\004\076\004\124\004\072\004\102\004\103\004\062\004\060\004\075\004\075\004\117\000\040\004\101\004\070\004\101\004\102\004\065\004\074\004\070}{}% 8
\BOOKMARK [2][-]{subsection.3.1}{\376\377\004\024\004\126\004\060\004\063\004\100\004\060\004\074\004\060\000\040\004\077\004\100\004\065\004\106\004\065\004\064\004\065\004\075\004\102\004\126\004\062}{section.3}% 9
\BOOKMARK [2][-]{subsection.3.2}{\376\377\004\024\004\126\004\060\004\063\004\100\004\060\004\074\004\060\000\040\004\060\004\072\004\102\004\070\004\062\004\075\004\076\004\101\004\102\004\126\000:\000\040\004\076\004\061\004\100\004\076\004\061\004\072\004\060\000\040\004\067\004\060\004\074\004\076\004\062\004\073\004\065\004\075\004\075\004\117}{section.3}% 10
\BOOKMARK [2][-]{subsection.3.3}{\376\377\004\024\004\126\004\060\004\063\004\100\004\060\004\074\004\060\000\040\004\072\004\073\004\060\004\101\004\126\004\062}{section.3}% 11
\BOOKMARK [2][-]{subsection.3.4}{\376\377\004\024\004\126\004\060\004\063\004\100\004\060\004\074\004\060\000\040\004\077\004\076\004\101\004\073\004\126\004\064\004\076\004\062\004\075\004\076\004\101\004\102\004\065\004\071\000:\000\040\004\076\004\104\004\076\004\100\004\074\004\073\004\065\004\075\004\075\004\117\000\040\004\067\004\060\004\074\004\076\004\062\004\073\004\065\004\075\004\075\004\117}{section.3}% 12
\BOOKMARK [2][-]{subsection.3.5}{\376\377\000E\000R\000-\004\064\004\126\004\060\004\063\004\100\004\060\004\074\004\060\000\040\004\061\004\060\004\067\004\070\000\040\004\064\004\060\004\075\004\070\004\105}{section.3}% 13
\BOOKMARK [2][-]{subsection.3.6}{\376\377\004\024\004\126\004\060\004\063\004\100\004\060\004\074\004\060\000\040\004\072\004\076\004\074\004\077\004\076\004\075\004\065\004\075\004\102\004\126\004\062\000\040\000\050\004\101\004\102\004\100\004\103\004\072\004\102\004\103\004\100\004\070\000\051}{section.3}% 14
\BOOKMARK [1][-]{section.4}{\376\377\004\040\004\065\004\060\004\073\004\126\004\067\004\060\004\106\004\126\004\117}{}% 15
\BOOKMARK [2][-]{subsection.4.1}{\376\377\004\044\004\100\004\060\004\063\004\074\004\065\004\075\004\102\004\070\000\040\004\072\004\076\004\064\004\103\000\040\000C\000\043}{section.4}% 16
\BOOKMARK [2][-]{subsection.4.2}{\376\377\000S\000Q\000L\000\040\000\050\000S\000Q\000L\000i\000t\000e\000\051\000\040\004\101\004\105\004\065\004\074\004\070\000\040\004\102\004\060\000\040\004\067\004\060\004\077\004\070\004\102\004\070}{section.4}% 17
\BOOKMARK [1][-]{section.5}{\376\377\004\042\004\065\004\101\004\102\004\103\004\062\004\060\004\075\004\075\004\117}{}% 18
\BOOKMARK [2][-]{subsection.5.1}{\376\377\004\041\004\102\004\060\004\102\004\070\004\101\004\102\004\070\004\107\004\075\004\126\000\040\004\063\004\100\004\060\004\104\004\126\004\072\004\070}{section.5}% 19
\BOOKMARK [1][-]{section.6}{\376\377\004\022\004\070\004\101\004\075\004\076\004\062\004\072\004\070}{}% 20
\BOOKMARK [1][-]{section*.13}{\376\377\004\041\004\077\004\070\004\101\004\076\004\072\000\040\004\062\004\070\004\072\004\076\004\100\004\070\004\101\004\102\004\060\004\075\004\070\004\105\000\040\004\064\004\066\004\065\004\100\004\065\004\073}{}% 21
